This is pdfTeX, Version 3.141592653-2.6-1.40.25 (MiKTeX 24.1) (preloaded format=pdflatex 2025.9.25)  21 FEB 2026 09:12
entering extended mode
 restricted \write18 enabled.
 file:line:error style messages enabled.
 %&-line parsing enabled.
**c:/Users/TangyKiwi/Desktop/UCSD/DSC-240/HW3/hw3.tex
(c:/Users/TangyKiwi/Desktop/UCSD/DSC-240/HW3/hw3.tex
LaTeX2e <2023-11-01> patch level 1
L3 programming layer <2024-01-04>
(C:\Users\TangyKiwi\AppData\Local\Programs\MiKTeX\tex/latex/base\article.cls
Document Class: article 2023/05/17 v1.4n Standard LaTeX document class
(C:\Users\TangyKiwi\AppData\Local\Programs\MiKTeX\tex/latex/base\size11.clo
File: size11.clo 2023/05/17 v1.4n Standard LaTeX file (size option)
)
\c@part=\count187
\c@section=\count188
\c@subsection=\count189
\c@subsubsection=\count190
\c@paragraph=\count191
\c@subparagraph=\count192
\c@figure=\count193
\c@table=\count194
\abovecaptionskip=\skip48
\belowcaptionskip=\skip49
\bibindent=\dimen140
) (C:\Users\TangyKiwi\AppData\Local\Programs\MiKTeX\tex/latex/amsmath\amsmath.sty
Package: amsmath 2023/05/13 v2.17o AMS math features
\@mathmargin=\skip50

For additional information on amsmath, use the `?' option.
(C:\Users\TangyKiwi\AppData\Local\Programs\MiKTeX\tex/latex/amsmath\amstext.sty
Package: amstext 2021/08/26 v2.01 AMS text
 (C:\Users\TangyKiwi\AppData\Local\Programs\MiKTeX\tex/latex/amsmath\amsgen.sty
File: amsgen.sty 1999/11/30 v2.0 generic functions
\@emptytoks=\toks17
\ex@=\dimen141
)) (C:\Users\TangyKiwi\AppData\Local\Programs\MiKTeX\tex/latex/amsmath\amsbsy.sty
Package: amsbsy 1999/11/29 v1.2d Bold Symbols
\pmbraise@=\dimen142
) (C:\Users\TangyKiwi\AppData\Local\Programs\MiKTeX\tex/latex/amsmath\amsopn.sty
Package: amsopn 2022/04/08 v2.04 operator names
)
\inf@bad=\count195
LaTeX Info: Redefining \frac on input line 234.
\uproot@=\count196
\leftroot@=\count197
LaTeX Info: Redefining \overline on input line 399.
LaTeX Info: Redefining \colon on input line 410.
\classnum@=\count198
\DOTSCASE@=\count199
LaTeX Info: Redefining \ldots on input line 496.
LaTeX Info: Redefining \dots on input line 499.
LaTeX Info: Redefining \cdots on input line 620.
\Mathstrutbox@=\box51
\strutbox@=\box52
LaTeX Info: Redefining \big on input line 722.
LaTeX Info: Redefining \Big on input line 723.
LaTeX Info: Redefining \bigg on input line 724.
LaTeX Info: Redefining \Bigg on input line 725.
\big@size=\dimen143
LaTeX Font Info:    Redeclaring font encoding OML on input line 743.
LaTeX Font Info:    Redeclaring font encoding OMS on input line 744.
\macc@depth=\count266
LaTeX Info: Redefining \bmod on input line 905.
LaTeX Info: Redefining \pmod on input line 910.
LaTeX Info: Redefining \smash on input line 940.
LaTeX Info: Redefining \relbar on input line 970.
LaTeX Info: Redefining \Relbar on input line 971.
\c@MaxMatrixCols=\count267
\dotsspace@=\muskip16
\c@parentequation=\count268
\dspbrk@lvl=\count269
\tag@help=\toks18
\row@=\count270
\column@=\count271
\maxfields@=\count272
\andhelp@=\toks19
\eqnshift@=\dimen144
\alignsep@=\dimen145
\tagshift@=\dimen146
\tagwidth@=\dimen147
\totwidth@=\dimen148
\lineht@=\dimen149
\@envbody=\toks20
\multlinegap=\skip51
\multlinetaggap=\skip52
\mathdisplay@stack=\toks21
LaTeX Info: Redefining \[ on input line 2953.
LaTeX Info: Redefining \] on input line 2954.
) (C:\Users\TangyKiwi\AppData\Local\Programs\MiKTeX\tex/latex/amsfonts\amssymb.sty
Package: amssymb 2013/01/14 v3.01 AMS font symbols
 (C:\Users\TangyKiwi\AppData\Local\Programs\MiKTeX\tex/latex/amsfonts\amsfonts.sty
Package: amsfonts 2013/01/14 v3.01 Basic AMSFonts support
\symAMSa=\mathgroup4
\symAMSb=\mathgroup5
LaTeX Font Info:    Redeclaring math symbol \hbar on input line 98.
LaTeX Font Info:    Overwriting math alphabet `\mathfrak' in version `bold'
(Font)                  U/euf/m/n --> U/euf/b/n on input line 106.
)) (C:\Users\TangyKiwi\AppData\Local\Programs\MiKTeX\tex/latex/tools\enumerate.sty
Package: enumerate 2023/07/04 v3.00 enumerate extensions (DPC)
\@enLab=\toks22
) (C:\Users\TangyKiwi\AppData\Local\Programs\MiKTeX\tex/latex/graphics\graphicx.sty
Package: graphicx 2021/09/16 v1.2d Enhanced LaTeX Graphics (DPC,SPQR)
 (C:\Users\TangyKiwi\AppData\Local\Programs\MiKTeX\tex/latex/graphics\keyval.sty
Package: keyval 2022/05/29 v1.15 key=value parser (DPC)
\KV@toks@=\toks23
) (C:\Users\TangyKiwi\AppData\Local\Programs\MiKTeX\tex/latex/graphics\graphics.sty
Package: graphics 2022/03/10 v1.4e Standard LaTeX Graphics (DPC,SPQR)
 (C:\Users\TangyKiwi\AppData\Local\Programs\MiKTeX\tex/latex/graphics\trig.sty
Package: trig 2021/08/11 v1.11 sin cos tan (DPC)
) (C:\Users\TangyKiwi\AppData\Local\Programs\MiKTeX\tex/latex/graphics-cfg\graphics.cfg
File: graphics.cfg 2016/06/04 v1.11 sample graphics configuration
)
Package graphics Info: Driver file: pdftex.def on input line 107.
 (C:\Users\TangyKiwi\AppData\Local\Programs\MiKTeX\tex/latex/graphics-def\pdftex.def
File: pdftex.def 2022/09/22 v1.2b Graphics/color driver for pdftex
))
\Gin@req@height=\dimen150
\Gin@req@width=\dimen151
) (C:\Users\TangyKiwi\AppData\Local\Programs\MiKTeX\tex/latex/pdfpages\pdfpages.sty
Package: pdfpages 2025/07/23 v0.6g Insert pages of external PDF documents (AM)
 (C:\Users\TangyKiwi\AppData\Local\Programs\MiKTeX\tex/latex/base\ifthen.sty
Package: ifthen 2022/04/13 v1.1d Standard LaTeX ifthen package (DPC)
) (C:\Users\TangyKiwi\AppData\Local\Programs\MiKTeX\tex/latex/tools\calc.sty
Package: calc 2023/07/08 v4.3 Infix arithmetic (KKT,FJ)
\calc@Acount=\count273
\calc@Bcount=\count274
\calc@Adimen=\dimen152
\calc@Bdimen=\dimen153
\calc@Askip=\skip53
\calc@Bskip=\skip54
LaTeX Info: Redefining \setlength on input line 80.
LaTeX Info: Redefining \addtolength on input line 81.
\calc@Ccount=\count275
\calc@Cskip=\skip55
) (C:\Users\TangyKiwi\AppData\Local\Programs\MiKTeX\tex/latex/eso-pic\eso-pic.sty
Package: eso-pic 2023/05/03 v3.0c eso-pic (RN)
\ESO@tempdima=\dimen154
\ESO@tempdimb=\dimen155
 (C:\Users\TangyKiwi\AppData\Local\Programs\MiKTeX\tex/latex/xcolor\xcolor.sty
Package: xcolor 2023/11/15 v3.01 LaTeX color extensions (UK)
 (C:\Users\TangyKiwi\AppData\Local\Programs\MiKTeX\tex/latex/graphics-cfg\color.cfg
File: color.cfg 2016/01/02 v1.6 sample color configuration
)
Package xcolor Info: Driver file: pdftex.def on input line 274.
 (C:\Users\TangyKiwi\AppData\Local\Programs\MiKTeX\tex/latex/graphics\mathcolor.ltx)
Package xcolor Info: Model `cmy' substituted by `cmy0' on input line 1350.
Package xcolor Info: Model `hsb' substituted by `rgb' on input line 1354.
Package xcolor Info: Model `RGB' extended on input line 1366.
Package xcolor Info: Model `HTML' substituted by `rgb' on input line 1368.
Package xcolor Info: Model `Hsb' substituted by `hsb' on input line 1369.
Package xcolor Info: Model `tHsb' substituted by `hsb' on input line 1370.
Package xcolor Info: Model `HSB' substituted by `hsb' on input line 1371.
Package xcolor Info: Model `Gray' substituted by `gray' on input line 1372.
Package xcolor Info: Model `wave' substituted by `hsb' on input line 1373.
)) (C:\Users\TangyKiwi\AppData\Local\Programs\MiKTeX\tex/latex/etoolbox\etoolbox.sty
Package: etoolbox 2020/10/05 v2.5k e-TeX tools for LaTeX (JAW)
\etb@tempcnta=\count276
)
\AM@pagewidth=\dimen156
\AM@pageheight=\dimen157
\AM@fboxrule=\dimen158
 (C:\Users\TangyKiwi\AppData\Local\Programs\MiKTeX\tex/latex/pdfpages\pppdftex.def
File: pppdftex.def 2025/07/23 v0.6g Pdfpages driver for pdfTeX (AM)
)
\pdfpages@includegraphics@status=\count277
\AM@pagebox=\box53
\AM@global@opts=\toks24
\AM@pagecnt=\count278
\AM@toc@title=\toks25
\AM@lof@heading=\toks26
\c@AM@survey=\count279
\AM@templatesizebox=\box54
) (C:\Users\TangyKiwi\AppData\Local\Programs\MiKTeX\tex/latex/float\float.sty
Package: float 2001/11/08 v1.3d Float enhancements (AL)
\c@float@type=\count280
\float@exts=\toks27
\float@box=\box55
\@float@everytoks=\toks28
\@floatcapt=\box56
) (C:\Users\TangyKiwi\AppData\Local\Programs\MiKTeX\tex/latex/l3backend\l3backend-pdftex.def
File: l3backend-pdftex.def 2024-01-04 L3 backend support: PDF output (pdfTeX)
\l__color_backend_stack_int=\count281
\l__pdf_internal_box=\box57
)

LaTeX Warning: Unused global option(s):
    [margin].

(hw3.aux)
\openout1 = `hw3.aux'.

LaTeX Font Info:    Checking defaults for OML/cmm/m/it on input line 20.
LaTeX Font Info:    ... okay on input line 20.
LaTeX Font Info:    Checking defaults for OMS/cmsy/m/n on input line 20.
LaTeX Font Info:    ... okay on input line 20.
LaTeX Font Info:    Checking defaults for OT1/cmr/m/n on input line 20.
LaTeX Font Info:    ... okay on input line 20.
LaTeX Font Info:    Checking defaults for T1/cmr/m/n on input line 20.
LaTeX Font Info:    ... okay on input line 20.
LaTeX Font Info:    Checking defaults for TS1/cmr/m/n on input line 20.
LaTeX Font Info:    ... okay on input line 20.
LaTeX Font Info:    Checking defaults for OMX/cmex/m/n on input line 20.
LaTeX Font Info:    ... okay on input line 20.
LaTeX Font Info:    Checking defaults for U/cmr/m/n on input line 20.
LaTeX Font Info:    ... okay on input line 20.
 (C:\Users\TangyKiwi\AppData\Local\Programs\MiKTeX\tex/context/base/mkii\supp-pdf.mkii
[Loading MPS to PDF converter (version 2006.09.02).]
\scratchcounter=\count282
\scratchdimen=\dimen159
\scratchbox=\box58
\nofMPsegments=\count283
\nofMParguments=\count284
\everyMPshowfont=\toks29
\MPscratchCnt=\count285
\MPscratchDim=\dimen160
\MPnumerator=\count286
\makeMPintoPDFobject=\count287
\everyMPtoPDFconversion=\toks30
) (C:\Users\TangyKiwi\AppData\Local\Programs\MiKTeX\tex/latex/epstopdf-pkg\epstopdf-base.sty
Package: epstopdf-base 2020-01-24 v2.11 Base part for package epstopdf
Package epstopdf-base Info: Redefining graphics rule for `.eps' on input line 485.
 (C:\Users\TangyKiwi\AppData\Local\Programs\MiKTeX\tex/latex/00miktex\epstopdf-sys.cfg
File: epstopdf-sys.cfg 2021/03/18 v2.0 Configuration of epstopdf for MiKTeX
)) (C:\Users\TangyKiwi\AppData\Local\Programs\MiKTeX\tex/latex/pdflscape\pdflscape.sty
Package: pdflscape 2022-10-27 v0.13 Display of landscape pages in PDF
 (C:\Users\TangyKiwi\AppData\Local\Programs\MiKTeX\tex/latex/pdflscape\pdflscape-nometadata.sty
Package: pdflscape-nometadata 2022-10-28 v0.13 Display of landscape pages in PDF (HO)
 (C:\Users\TangyKiwi\AppData\Local\Programs\MiKTeX\tex/generic/iftex\iftex.sty
Package: iftex 2022/02/03 v1.0f TeX engine tests
) (C:\Users\TangyKiwi\AppData\Local\Programs\MiKTeX\tex/latex/graphics\lscape.sty
Package: lscape 2020/05/28 v3.02 Landscape Pages (DPC)
)
Package pdflscape Info: Auto-detected driver: pdftex on input line 81.
))
LaTeX Font Info:    Trying to load font information for U+msa on input line 21.
 (C:\Users\TangyKiwi\AppData\Local\Programs\MiKTeX\tex/latex/amsfonts\umsa.fd
File: umsa.fd 2013/01/14 v3.01 AMS symbols A
)
LaTeX Font Info:    Trying to load font information for U+msb on input line 21.
 (C:\Users\TangyKiwi\AppData\Local\Programs\MiKTeX\tex/latex/amsfonts\umsb.fd
File: umsb.fd 2013/01/14 v3.01 AMS symbols B
) [1

{C:/Users/TangyKiwi/AppData/Local/MiKTeX/fonts/map/pdftex/pdftex.map}] [2] [3] [4] [5]
Overfull \hbox (62.17444pt too wide) detected at line 223
[]
 []

[6]
Underfull \hbox (badness 1502) in paragraph at lines 272--272
[]\OT1/cmr/m/n/10.95 Each fea-ture has mixed
 []


Underfull \hbox (badness 4108) in paragraph at lines 272--272
\OT1/cmr/m/n/10.95 over-lap be-tween 1 and
 []


Underfull \hbox (badness 1158) in paragraph at lines 272--272
\OT1/cmr/m/n/10.95 pen-dent, they are mod-
 []


Underfull \hbox (badness 2237) in paragraph at lines 272--272
\OT1/cmr/m/n/10.95 rec-og-nize this and thus
 []


Underfull \hbox (badness 1533) in paragraph at lines 272--272
\OT1/cmr/m/n/10.95 match the el-lipse struc-
 []


Underfull \hbox (badness 1320) in paragraph at lines 272--272
\OT1/cmr/m/n/10.95 sep-a-ra-ble. Thus again,
 []


Underfull \hbox (badness 1635) in paragraph at lines 272--272
\OT1/cmr/m/n/10.95 i-mizes er-ror but can-not
 []

[7]
<hw3_code.pdf, id=39, 614.295pt x 794.97pt>
File: hw3_code.pdf Graphic file (type pdf)
<use hw3_code.pdf>
Package pdftex.def Info: hw3_code.pdf  used on input line 276.
(pdftex.def)             Requested size: 614.29349pt x 794.96806pt.
<hw3_code.pdf, id=41, page=1, 614.295pt x 794.97pt>
File: hw3_code.pdf Graphic file (type pdf)
<use hw3_code.pdf, page 1>
Package pdftex.def Info: hw3_code.pdf , page1 used on input line 276.
(pdftex.def)             Requested size: 614.29349pt x 794.96806pt.
File: hw3_code.pdf Graphic file (type pdf)
<use hw3_code.pdf, page 1>
Package pdftex.def Info: hw3_code.pdf , page1 used on input line 276.
(pdftex.def)             Requested size: 597.78697pt x 773.60669pt.
 [8]
File: hw3_code.pdf Graphic file (type pdf)
<use hw3_code.pdf, page 1>
Package pdftex.def Info: hw3_code.pdf , page1 used on input line 276.
(pdftex.def)             Requested size: 597.78697pt x 773.60669pt.
File: hw3_code.pdf Graphic file (type pdf)
<use hw3_code.pdf, page 1>
Package pdftex.def Info: hw3_code.pdf , page1 used on input line 276.
(pdftex.def)             Requested size: 597.78697pt x 773.60669pt.
File: hw3_code.pdf Graphic file (type pdf)
<use hw3_code.pdf, page 1>
Package pdftex.def Info: hw3_code.pdf , page1 used on input line 276.
(pdftex.def)             Requested size: 597.78697pt x 773.60669pt.
 [9

 <./hw3_code.pdf>]
<hw3_code.pdf, id=91, page=2, 614.295pt x 794.97pt>
File: hw3_code.pdf Graphic file (type pdf)
<use hw3_code.pdf, page 2>
Package pdftex.def Info: hw3_code.pdf , page2 used on input line 276.
(pdftex.def)             Requested size: 597.78697pt x 773.60669pt.
File: hw3_code.pdf Graphic file (type pdf)
<use hw3_code.pdf, page 2>
Package pdftex.def Info: hw3_code.pdf , page2 used on input line 276.
(pdftex.def)             Requested size: 597.78697pt x 773.60669pt.
File: hw3_code.pdf Graphic file (type pdf)
<use hw3_code.pdf, page 2>
Package pdftex.def Info: hw3_code.pdf , page2 used on input line 276.
(pdftex.def)             Requested size: 597.78697pt x 773.60669pt.
 [10

 <./hw3_code.pdf>]
<hw3_code.pdf, id=97, page=3, 614.295pt x 794.97pt>
File: hw3_code.pdf Graphic file (type pdf)
<use hw3_code.pdf, page 3>
Package pdftex.def Info: hw3_code.pdf , page3 used on input line 276.
(pdftex.def)             Requested size: 597.78697pt x 773.60669pt.
File: hw3_code.pdf Graphic file (type pdf)
<use hw3_code.pdf, page 3>
Package pdftex.def Info: hw3_code.pdf , page3 used on input line 276.
(pdftex.def)             Requested size: 597.78697pt x 773.60669pt.
File: hw3_code.pdf Graphic file (type pdf)
<use hw3_code.pdf, page 3>
Package pdftex.def Info: hw3_code.pdf , page3 used on input line 276.
(pdftex.def)             Requested size: 597.78697pt x 773.60669pt.
 [11

 <./hw3_code.pdf>]
<hw3_code.pdf, id=110, page=4, 614.295pt x 794.97pt>
File: hw3_code.pdf Graphic file (type pdf)
<use hw3_code.pdf, page 4>
Package pdftex.def Info: hw3_code.pdf , page4 used on input line 276.
(pdftex.def)             Requested size: 597.78697pt x 773.60669pt.
File: hw3_code.pdf Graphic file (type pdf)
<use hw3_code.pdf, page 4>
Package pdftex.def Info: hw3_code.pdf , page4 used on input line 276.
(pdftex.def)             Requested size: 597.78697pt x 773.60669pt.
File: hw3_code.pdf Graphic file (type pdf)
<use hw3_code.pdf, page 4>
Package pdftex.def Info: hw3_code.pdf , page4 used on input line 276.
(pdftex.def)             Requested size: 597.78697pt x 773.60669pt.
 [12

 <./hw3_code.pdf>]
<hw3_code.pdf, id=116, page=5, 614.295pt x 794.97pt>
File: hw3_code.pdf Graphic file (type pdf)
<use hw3_code.pdf, page 5>
Package pdftex.def Info: hw3_code.pdf , page5 used on input line 276.
(pdftex.def)             Requested size: 597.78697pt x 773.60669pt.
File: hw3_code.pdf Graphic file (type pdf)
<use hw3_code.pdf, page 5>
Package pdftex.def Info: hw3_code.pdf , page5 used on input line 276.
(pdftex.def)             Requested size: 597.78697pt x 773.60669pt.
File: hw3_code.pdf Graphic file (type pdf)
<use hw3_code.pdf, page 5>
Package pdftex.def Info: hw3_code.pdf , page5 used on input line 276.
(pdftex.def)             Requested size: 597.78697pt x 773.60669pt.
 [13

 <./hw3_code.pdf>]
<hw3_code.pdf, id=123, page=6, 614.295pt x 794.97pt>
File: hw3_code.pdf Graphic file (type pdf)
<use hw3_code.pdf, page 6>
Package pdftex.def Info: hw3_code.pdf , page6 used on input line 276.
(pdftex.def)             Requested size: 597.78697pt x 773.60669pt.
File: hw3_code.pdf Graphic file (type pdf)
<use hw3_code.pdf, page 6>
Package pdftex.def Info: hw3_code.pdf , page6 used on input line 276.
(pdftex.def)             Requested size: 597.78697pt x 773.60669pt.
File: hw3_code.pdf Graphic file (type pdf)
<use hw3_code.pdf, page 6>
Package pdftex.def Info: hw3_code.pdf , page6 used on input line 276.
(pdftex.def)             Requested size: 597.78697pt x 773.60669pt.
 [14

 <./hw3_code.pdf>]
<hw3_code.pdf, id=134, page=7, 614.295pt x 794.97pt>
File: hw3_code.pdf Graphic file (type pdf)
<use hw3_code.pdf, page 7>
Package pdftex.def Info: hw3_code.pdf , page7 used on input line 276.
(pdftex.def)             Requested size: 597.78697pt x 773.60669pt.
File: hw3_code.pdf Graphic file (type pdf)
<use hw3_code.pdf, page 7>
Package pdftex.def Info: hw3_code.pdf , page7 used on input line 276.
(pdftex.def)             Requested size: 597.78697pt x 773.60669pt.
File: hw3_code.pdf Graphic file (type pdf)
<use hw3_code.pdf, page 7>
Package pdftex.def Info: hw3_code.pdf , page7 used on input line 276.
(pdftex.def)             Requested size: 597.78697pt x 773.60669pt.
 [15

 <./hw3_code.pdf>]
<hw3_code.pdf, id=142, page=8, 614.295pt x 794.97pt>
File: hw3_code.pdf Graphic file (type pdf)
<use hw3_code.pdf, page 8>
Package pdftex.def Info: hw3_code.pdf , page8 used on input line 276.
(pdftex.def)             Requested size: 597.78697pt x 773.60669pt.
File: hw3_code.pdf Graphic file (type pdf)
<use hw3_code.pdf, page 8>
Package pdftex.def Info: hw3_code.pdf , page8 used on input line 276.
(pdftex.def)             Requested size: 597.78697pt x 773.60669pt.
File: hw3_code.pdf Graphic file (type pdf)
<use hw3_code.pdf, page 8>
Package pdftex.def Info: hw3_code.pdf , page8 used on input line 276.
(pdftex.def)             Requested size: 597.78697pt x 773.60669pt.
 [16

 <./hw3_code.pdf>] (hw3.aux)
 ***********
LaTeX2e <2023-11-01> patch level 1
L3 programming layer <2024-01-04>
 ***********
 ) 
Here is how much of TeX's memory you used:
 4455 strings out of 474486
 68344 string characters out of 5741867
 1942542 words of memory out of 5000000
 26690 multiletter control sequences out of 15000+600000
 565166 words of font info for 63 fonts, out of 8000000 for 9000
 1141 hyphenation exceptions out of 8191
 68i,17n,79p,328b,434s stack positions out of 10000i,1000n,20000p,200000b,200000s
<C:/Users/TangyKiwi/AppData/Local/Programs/MiKTeX/fonts/type1/public/amsfonts/cm/cmbx12.pfb><C:/Users/TangyKiwi/AppData/Local/Programs/MiKTeX/fonts/type1/public/amsfonts/cm/cmex10.pfb><C:/Users/TangyKiwi/AppData/Local/Programs/MiKTeX/fonts/type1/public/amsfonts/cm/cmmi10.pfb><C:/Users/TangyKiwi/AppData/Local/Programs/MiKTeX/fonts/type1/public/amsfonts/cm/cmmi6.pfb><C:/Users/TangyKiwi/AppData/Local/Programs/MiKTeX/fonts/type1/public/amsfonts/cm/cmmi8.pfb><C:/Users/TangyKiwi/AppData/Local/Programs/MiKTeX/fonts/type1/public/amsfonts/cm/cmr10.pfb><C:/Users/TangyKiwi/AppData/Local/Programs/MiKTeX/fonts/type1/public/amsfonts/cm/cmr12.pfb><C:/Users/TangyKiwi/AppData/Local/Programs/MiKTeX/fonts/type1/public/amsfonts/cm/cmr17.pfb><C:/Users/TangyKiwi/AppData/Local/Programs/MiKTeX/fonts/type1/public/amsfonts/cm/cmr6.pfb><C:/Users/TangyKiwi/AppData/Local/Programs/MiKTeX/fonts/type1/public/amsfonts/cm/cmr8.pfb><C:/Users/TangyKiwi/AppData/Local/Programs/MiKTeX/fonts/type1/public/amsfonts/cm/cmsy10.pfb><C:/Users/TangyKiwi/AppData/Local/Programs/MiKTeX/fonts/type1/public/amsfonts/cm/cmsy6.pfb><C:/Users/TangyKiwi/AppData/Local/Programs/MiKTeX/fonts/type1/public/amsfonts/cm/cmsy8.pfb><C:/Users/TangyKiwi/AppData/Local/Programs/MiKTeX/fonts/type1/public/amsfonts/symbols/msam10.pfb><C:/Users/TangyKiwi/AppData/Local/Programs/MiKTeX/fonts/type1/public/amsfonts/symbols/msbm10.pfb>
Output written on hw3.pdf (16 pages, 588683 bytes).
PDF statistics:
 210 PDF objects out of 1000 (max. 8388607)
 0 named destinations out of 1000 (max. 500000)
 51 words of extra memory for PDF output out of 10000 (max. 10000000)

